<?xml version="1.0" encoding="UTF-8"?>
<!-- Generated by org.testng.reporters.JUnitReportReporter -->
<testsuite hostname="DESKTOP-68HC2FU" failures="0" tests="1" name="testClasses.BaseClass" time="7.587" errors="0" timestamp="2024-07-25T10:30:46 IST" skipped="0">
  <testcase classname="testClasses.BaseClass" name="f" time="7.587"/>
  <system-out/>
</testsuite> <!-- testClasses.BaseClass -->
