<?xml version="1.0" encoding="UTF-8"?>
<!-- Generated by org.testng.reporters.JUnitReportReporter -->
<testsuite hostname="DESKTOP-68HC2FU" failures="0" tests="1" name="testClasses.RegisterPatientTestClass" time="45.785" errors="0" timestamp="2024-07-31T13:47:12 IST" skipped="0">
  <testcase classname="testClasses.RegisterPatientTestClass" name="verifyToRegisterPatient" time="45.785"/>
  <system-out/>
</testsuite> <!-- testClasses.RegisterPatientTestClass -->
